<?xml version="1.0" encoding="UTF-8"?>
<!-- Generated by org.testng.reporters.JUnitReportReporter -->
<testsuite skipped="0" hostname="krish" name="dpp.d1" tests="3" failures="0" timestamp="2024-05-28T15:30:16 IST" time="24.131" errors="0">
  <testcase name="DataProvSampleTest" time="6.593" classname="dpp.d1"/>
  <system-out/>
  <testcase name="DataProvSampleTest" time="9.859" classname="dpp.d1"/>
  <system-out/>
  <testcase name="DataProvSampleTest" time="7.679" classname="dpp.d1"/>
  <system-out/>
</testsuite> <!-- dpp.d1 -->
