<?xml version="1.0" encoding="UTF-8"?>
<!-- Generated by org.testng.reporters.JUnitReportReporter -->
<testsuite skipped="0" hostname="krish" name="p1.c1" tests="1" failures="0" timestamp="2024-05-27T15:08:23 IST" time="14.180" errors="0">
  <testcase name="t1" time="14.180" classname="p1.c1"/>
  <system-out/>
</testsuite> <!-- p1.c1 -->
